<?xml version="1.0" encoding="UTF-8"?>
<testng-results total="2" passed="2" failed="0" skipped="0">
  <reporter-output>
    <line>
      <![CDATA[VerifyFacebookLoginPageLogo]]>
    </line>
    <line>
      <![CDATA[VerifyFacebookLoginPageTagline]]>
    </line>
    <line>
      <![CDATA[VerifyFacebookLoginPageCreateNewAccountBtn]]>
    </line>
    <line>
      <![CDATA[VerifyFacebookLoginPageForgotPassword]]>
    </line>
    <line>
      <![CDATA[VerifyFacebookLoginPageFooterlinksSize]]>
    </line>
    <line>
      <![CDATA[SetFacebookLoginPageUsername]]>
    </line>
    <line>
      <![CDATA[SetFacebookLoginPagePassword]]>
    </line>
    <line>
      <![CDATA[SetFacebookLoginPageLogin_Btn]]>
    </line>
  </reporter-output>
  <suite started-at="2022-10-08T14:40:21Z" name="Surefire suite" finished-at="2022-10-08T14:40:59Z" duration-ms="37755">
    <groups>
    </groups>
    <test started-at="2022-10-08T14:40:21Z" name="Surefire test" finished-at="2022-10-08T14:40:59Z" duration-ms="37755">
      <class name="com.projectname.qa.TestCases.RegistrationTest">
        <test-method is-config="true" signature="setup()" started-at="2022-10-08T14:40:38Z" name="setup" finished-at="2022-10-08T14:40:51Z" duration-ms="12381" status="PASS">
        </test-method>
        <test-method signature="FacebookRegistrationPageTest_Positive()" started-at="2022-10-08T14:40:51Z" name="FacebookRegistrationPageTest_Positive" finished-at="2022-10-08T14:40:59Z" duration-ms="7942" status="PASS">
        </test-method>
        <test-method is-config="true" signature="teardown()" started-at="2022-10-08T14:40:59Z" name="teardown" finished-at="2022-10-08T14:40:59Z" duration-ms="372" status="PASS">
        </test-method>
      </class>
      <class name="com.projectname.qa.TestCases.LoginTest">
        <test-method is-config="true" signature="setup()" started-at="2022-10-08T14:40:21Z" name="setup" finished-at="2022-10-08T14:40:36Z" duration-ms="14437" status="PASS">
        </test-method>
        <test-method signature="FacebookLoginPageTest()" started-at="2022-10-08T14:40:36Z" name="FacebookLoginPageTest" finished-at="2022-10-08T14:40:38Z" duration-ms="2245" status="PASS">
        </test-method>
        <test-method is-config="true" signature="teardown()" started-at="2022-10-08T14:40:38Z" name="teardown" finished-at="2022-10-08T14:40:38Z" duration-ms="345" status="PASS">
        </test-method>
      </class>
    </test>
  </suite>
</testng-results>
