<?xml version="1.0" encoding="UTF-8"?>
<testsuite xmlns:xsi="http://www.w3.org/2001/XMLSchema-instance" xsi:noNamespaceSchemaLocation="https://maven.apache.org/surefire/maven-surefire-plugin/xsd/surefire-test-report.xsd" name="TestSuite" time="38.712" tests="2" errors="0" skipped="0" failures="0">
  <properties>
[...]
</properties>
  <testcase name="FacebookLoginPageTest" classname="com.projectname.qa.TestCases.LoginTest" time="2.243"/>
  <testcase name="FacebookRegistrationPageTest_Positive" classname="com.projectname.qa.TestCases.RegistrationTest" time="7.942"/>
</testsuite>